2017-02-18 17:49:01,015 [Worker-20] INFO  o.e.m.c.i.p.ProjectConfigurationManager - Collecting project info '/pom.xml' E:\Priyatham\Repositories\ShoppingCart\ShoppingCart\pom.xml
2017-02-18 17:49:02,341 [Worker-20] INFO  o.e.m.c.i.l.LifecycleMappingFactory - Using org.maven.ide.eclipse.wtp.WarLifecycleMapping lifecycle mapping for MavenProject: com:ShoppingCart:0.0.1-SNAPSHOT @ E:\Priyatham\Repositories\ShoppingCart\ShoppingCart\pom.xml.
2017-02-18 17:49:03,491 [Worker-20] INFO  o.e.m.j.i.AbstractJavaProjectConfigurator - Adding source folder /ShoppingCart/src/main/java
2017-02-18 17:49:03,492 [Worker-20] INFO  o.e.m.j.i.AbstractJavaProjectConfigurator - Adding resource folder /ShoppingCart/src/main/resources
2017-02-18 17:49:03,493 [Worker-20] INFO  o.e.m.j.i.AbstractJavaProjectConfigurator - Adding source folder /ShoppingCart/src/test/java
2017-02-18 17:49:06,763 [Worker-20] INFO  o.e.m.c.i.p.ProjectConfigurationManager - Imported and configured 1 project(s) in 5 sec
2017-02-18 17:49:07,518 [Worker-23] WARN  o.e.m.c.i.embedder.EclipseLogger - Using platform encoding (Cp1252 actually) to copy filtered resources, i.e. build is platform dependent!
2017-02-18 17:49:07,528 [Worker-23] INFO  o.e.m.c.i.embedder.EclipseLogger - Copying 0 resource
2017-02-18 17:49:07,532 [Worker-23] WARN  o.e.m.c.i.embedder.EclipseLogger - Using platform encoding (Cp1252 actually) to copy filtered resources, i.e. build is platform dependent!
2017-02-18 17:49:07,533 [Worker-23] INFO  o.e.m.c.i.embedder.EclipseLogger - skip non existing resourceDirectory E:\Priyatham\Repositories\ShoppingCart\ShoppingCart\src\test\resources
2017-02-18 17:49:07,865 [Worker-17] WARN  o.e.m.c.i.embedder.EclipseLogger - Using platform encoding (Cp1252 actually) to copy filtered resources, i.e. build is platform dependent!
2017-02-18 17:49:07,869 [Worker-17] INFO  o.e.m.c.i.embedder.EclipseLogger - Copying 0 resource
2017-02-18 17:49:07,871 [Worker-17] WARN  o.e.m.c.i.embedder.EclipseLogger - Using platform encoding (Cp1252 actually) to copy filtered resources, i.e. build is platform dependent!
2017-02-18 17:49:07,872 [Worker-17] INFO  o.e.m.c.i.embedder.EclipseLogger - skip non existing resourceDirectory E:\Priyatham\Repositories\ShoppingCart\ShoppingCart\src\test\resources
2017-02-18 17:50:36,474 [Worker-18] INFO  o.e.m.c.i.l.LifecycleMappingFactory - Using org.maven.ide.eclipse.wtp.WarLifecycleMapping lifecycle mapping for MavenProject: com:ShoppingCart:0.0.1-SNAPSHOT @ E:\Priyatham\Repositories\ShoppingCart\ShoppingCart\pom.xml.
2017-02-18 17:50:37,018 [Worker-18] WARN  o.e.m.c.i.embedder.EclipseLogger - Using platform encoding (Cp1252 actually) to copy filtered resources, i.e. build is platform dependent!
2017-02-18 17:50:37,020 [Worker-18] INFO  o.e.m.c.i.embedder.EclipseLogger - Copying 0 resource
2017-02-18 17:50:37,022 [Worker-18] WARN  o.e.m.c.i.embedder.EclipseLogger - Using platform encoding (Cp1252 actually) to copy filtered resources, i.e. build is platform dependent!
2017-02-18 17:50:37,022 [Worker-18] INFO  o.e.m.c.i.embedder.EclipseLogger - skip non existing resourceDirectory E:\Priyatham\Repositories\ShoppingCart\ShoppingCart\src\test\resources
2017-02-18 17:50:37,022 [Worker-18] INFO  o.e.m.w.i.f.ResourceFilteringBuildParticipant - Changed resources require a complete clean of filtered resources of ShoppingCart
2017-02-18 17:50:37,023 [Worker-18] INFO  o.e.m.w.i.f.ResourceFilteringBuildParticipant - Executing resource filtering for ShoppingCart
2017-02-18 17:50:37,029 [Worker-18] WARN  o.e.m.c.i.embedder.EclipseLogger - Using platform encoding (Cp1252 actually) to copy filtered resources, i.e. build is platform dependent!
2017-02-18 17:51:50,714 [Worker-10] INFO  o.e.m.c.i.l.LifecycleMappingFactory - Using org.maven.ide.eclipse.wtp.WarLifecycleMapping lifecycle mapping for MavenProject: com:ShoppingCart:0.0.1-SNAPSHOT @ E:\Priyatham\Repositories\ShoppingCart\ShoppingCart\pom.xml.
2017-02-18 17:51:51,042 [Worker-10] WARN  o.e.m.c.i.embedder.EclipseLogger - Using platform encoding (Cp1252 actually) to copy filtered resources, i.e. build is platform dependent!
2017-02-18 17:51:51,044 [Worker-10] INFO  o.e.m.c.i.embedder.EclipseLogger - Copying 0 resource
2017-02-18 17:51:51,045 [Worker-10] WARN  o.e.m.c.i.embedder.EclipseLogger - Using platform encoding (Cp1252 actually) to copy filtered resources, i.e. build is platform dependent!
2017-02-18 17:51:51,045 [Worker-10] INFO  o.e.m.c.i.embedder.EclipseLogger - skip non existing resourceDirectory E:\Priyatham\Repositories\ShoppingCart\ShoppingCart\src\test\resources
2017-02-18 17:51:51,046 [Worker-10] INFO  o.e.m.w.i.f.ResourceFilteringBuildParticipant - Changed resources require a complete clean of filtered resources of ShoppingCart
2017-02-18 17:51:51,046 [Worker-10] INFO  o.e.m.w.i.f.ResourceFilteringBuildParticipant - Executing resource filtering for ShoppingCart
2017-02-18 17:51:51,049 [Worker-10] WARN  o.e.m.c.i.embedder.EclipseLogger - Using platform encoding (Cp1252 actually) to copy filtered resources, i.e. build is platform dependent!
2017-02-18 17:52:42,540 [Worker-4] INFO  o.e.m.c.i.l.LifecycleMappingFactory - Using org.maven.ide.eclipse.wtp.WarLifecycleMapping lifecycle mapping for MavenProject: com:ShoppingCart:0.0.1-SNAPSHOT @ E:\Priyatham\Repositories\ShoppingCart\ShoppingCart\pom.xml.
2017-02-18 17:52:42,862 [Worker-4] WARN  o.e.m.c.i.embedder.EclipseLogger - Using platform encoding (Cp1252 actually) to copy filtered resources, i.e. build is platform dependent!
2017-02-18 17:52:42,864 [Worker-4] INFO  o.e.m.c.i.embedder.EclipseLogger - Copying 0 resource
2017-02-18 17:52:42,866 [Worker-4] WARN  o.e.m.c.i.embedder.EclipseLogger - Using platform encoding (Cp1252 actually) to copy filtered resources, i.e. build is platform dependent!
2017-02-18 17:52:42,867 [Worker-4] INFO  o.e.m.c.i.embedder.EclipseLogger - skip non existing resourceDirectory E:\Priyatham\Repositories\ShoppingCart\ShoppingCart\src\test\resources
2017-02-18 17:52:42,867 [Worker-4] INFO  o.e.m.w.i.f.ResourceFilteringBuildParticipant - Changed resources require a complete clean of filtered resources of ShoppingCart
2017-02-18 17:52:42,867 [Worker-4] INFO  o.e.m.w.i.f.ResourceFilteringBuildParticipant - Executing resource filtering for ShoppingCart
2017-02-18 17:52:42,871 [Worker-4] WARN  o.e.m.c.i.embedder.EclipseLogger - Using platform encoding (Cp1252 actually) to copy filtered resources, i.e. build is platform dependent!
2017-02-18 17:53:28,254 [Worker-19] INFO  o.e.m.c.i.l.LifecycleMappingFactory - Using org.maven.ide.eclipse.wtp.WarLifecycleMapping lifecycle mapping for MavenProject: com:ShoppingCart:0.0.1-SNAPSHOT @ E:\Priyatham\Repositories\ShoppingCart\ShoppingCart\pom.xml.
2017-02-18 17:53:28,308 [Worker-5] INFO  o.e.m.c.i.e.AbstractTransferListenerAdapter - Downloading https://repo.maven.apache.org/maven2/org/springframework/spring-context/4.3.6.RELEASE/spring-context-4.3.6.RELEASE.pom
2017-02-18 17:53:28,355 [Worker-5] INFO  o.e.m.c.i.e.AbstractTransferListenerAdapter - Downloaded https://repo.maven.apache.org/maven2/org/springframework/spring-context/4.3.6.RELEASE/spring-context-4.3.6.RELEASE.pom
2017-02-18 17:53:28,392 [Worker-5] INFO  o.e.m.c.i.e.AbstractTransferListenerAdapter - Downloading https://repo.maven.apache.org/maven2/org/springframework/spring-aop/4.3.6.RELEASE/spring-aop-4.3.6.RELEASE.pom
2017-02-18 17:53:28,435 [Worker-19] INFO  o.e.m.c.i.e.AbstractTransferListenerAdapter - Downloading https://repo.maven.apache.org/maven2/org/springframework/spring-context/4.3.6.RELEASE/spring-context-4.3.6.RELEASE.pom
2017-02-18 17:53:28,474 [Worker-19] INFO  o.e.m.c.i.e.AbstractTransferListenerAdapter - Downloaded https://repo.maven.apache.org/maven2/org/springframework/spring-context/4.3.6.RELEASE/spring-context-4.3.6.RELEASE.pom
2017-02-18 17:53:28,563 [Worker-5] INFO  o.e.m.c.i.e.AbstractTransferListenerAdapter - Downloaded https://repo.maven.apache.org/maven2/org/springframework/spring-aop/4.3.6.RELEASE/spring-aop-4.3.6.RELEASE.pom
2017-02-18 17:53:28,598 [Worker-19] INFO  o.e.m.c.i.e.AbstractTransferListenerAdapter - Downloading https://repo.maven.apache.org/maven2/org/springframework/spring-aop/4.3.6.RELEASE/spring-aop-4.3.6.RELEASE.pom
2017-02-18 17:53:28,604 [Worker-5] INFO  o.e.m.c.i.e.AbstractTransferListenerAdapter - Downloading https://repo.maven.apache.org/maven2/org/springframework/spring-beans/4.3.6.RELEASE/spring-beans-4.3.6.RELEASE.pom
2017-02-18 17:53:28,634 [Worker-19] INFO  o.e.m.c.i.e.AbstractTransferListenerAdapter - Downloaded https://repo.maven.apache.org/maven2/org/springframework/spring-aop/4.3.6.RELEASE/spring-aop-4.3.6.RELEASE.pom
2017-02-18 17:53:28,640 [Worker-5] INFO  o.e.m.c.i.e.AbstractTransferListenerAdapter - Downloaded https://repo.maven.apache.org/maven2/org/springframework/spring-beans/4.3.6.RELEASE/spring-beans-4.3.6.RELEASE.pom
2017-02-18 17:53:28,676 [Worker-19] INFO  o.e.m.c.i.e.AbstractTransferListenerAdapter - Downloading https://repo.maven.apache.org/maven2/org/springframework/spring-beans/4.3.6.RELEASE/spring-beans-4.3.6.RELEASE.pom
2017-02-18 17:53:28,677 [Worker-5] INFO  o.e.m.c.i.e.AbstractTransferListenerAdapter - Downloading https://repo.maven.apache.org/maven2/org/springframework/spring-core/4.3.6.RELEASE/spring-core-4.3.6.RELEASE.pom
2017-02-18 17:53:28,720 [Worker-5] INFO  o.e.m.c.i.e.AbstractTransferListenerAdapter - Downloaded https://repo.maven.apache.org/maven2/org/springframework/spring-core/4.3.6.RELEASE/spring-core-4.3.6.RELEASE.pom
2017-02-18 17:53:28,720 [Worker-19] INFO  o.e.m.c.i.e.AbstractTransferListenerAdapter - Downloaded https://repo.maven.apache.org/maven2/org/springframework/spring-beans/4.3.6.RELEASE/spring-beans-4.3.6.RELEASE.pom
2017-02-18 17:53:28,768 [Worker-19] INFO  o.e.m.c.i.e.AbstractTransferListenerAdapter - Downloading https://repo.maven.apache.org/maven2/org/springframework/spring-expression/4.3.6.RELEASE/spring-expression-4.3.6.RELEASE.pom
2017-02-18 17:53:28,772 [Worker-5] INFO  o.e.m.c.i.e.AbstractTransferListenerAdapter - Downloading https://repo.maven.apache.org/maven2/org/springframework/spring-expression/4.3.6.RELEASE/spring-expression-4.3.6.RELEASE.pom
2017-02-18 17:53:28,804 [Worker-19] INFO  o.e.m.c.i.e.AbstractTransferListenerAdapter - Downloaded https://repo.maven.apache.org/maven2/org/springframework/spring-expression/4.3.6.RELEASE/spring-expression-4.3.6.RELEASE.pom
2017-02-18 17:53:28,812 [Worker-5] INFO  o.e.m.c.i.e.AbstractTransferListenerAdapter - Downloaded https://repo.maven.apache.org/maven2/org/springframework/spring-expression/4.3.6.RELEASE/spring-expression-4.3.6.RELEASE.pom
2017-02-18 17:53:28,847 [Worker-19] INFO  o.e.m.c.i.e.AbstractTransferListenerAdapter - Downloading https://repo.maven.apache.org/maven2/org/springframework/spring-context/4.3.6.RELEASE/spring-context-4.3.6.RELEASE.jar
2017-02-18 17:53:28,849 [Worker-5] INFO  o.e.m.c.i.e.AbstractTransferListenerAdapter - Downloading https://repo.maven.apache.org/maven2/org/springframework/spring-context/4.3.6.RELEASE/spring-context-4.3.6.RELEASE.jar
2017-02-18 17:53:29,281 [Worker-19] INFO  o.e.m.c.i.e.AbstractTransferListenerAdapter - Downloaded https://repo.maven.apache.org/maven2/org/springframework/spring-context/4.3.6.RELEASE/spring-context-4.3.6.RELEASE.jar
2017-02-18 17:53:29,323 [Worker-19] INFO  o.e.m.c.i.e.AbstractTransferListenerAdapter - Downloading https://repo.maven.apache.org/maven2/org/springframework/spring-aop/4.3.6.RELEASE/spring-aop-4.3.6.RELEASE.jar
2017-02-18 17:53:29,554 [Worker-19] INFO  o.e.m.c.i.e.AbstractTransferListenerAdapter - Downloaded https://repo.maven.apache.org/maven2/org/springframework/spring-aop/4.3.6.RELEASE/spring-aop-4.3.6.RELEASE.jar
2017-02-18 17:53:29,601 [Worker-19] INFO  o.e.m.c.i.e.AbstractTransferListenerAdapter - Downloading https://repo.maven.apache.org/maven2/org/springframework/spring-beans/4.3.6.RELEASE/spring-beans-4.3.6.RELEASE.jar
2017-02-18 17:53:29,815 [Worker-5] INFO  o.e.m.c.i.e.AbstractTransferListenerAdapter - Downloaded https://repo.maven.apache.org/maven2/org/springframework/spring-context/4.3.6.RELEASE/spring-context-4.3.6.RELEASE.jar
2017-02-18 17:53:29,852 [Worker-19] INFO  o.e.m.c.i.e.AbstractTransferListenerAdapter - Downloaded https://repo.maven.apache.org/maven2/org/springframework/spring-beans/4.3.6.RELEASE/spring-beans-4.3.6.RELEASE.jar
2017-02-18 17:53:29,862 [Worker-5] INFO  o.e.m.c.i.e.AbstractTransferListenerAdapter - Downloading https://repo.maven.apache.org/maven2/org/springframework/spring-aop/4.3.6.RELEASE/spring-aop-4.3.6.RELEASE.jar
2017-02-18 17:53:29,900 [Worker-19] INFO  o.e.m.c.i.e.AbstractTransferListenerAdapter - Downloading https://repo.maven.apache.org/maven2/org/springframework/spring-core/4.3.6.RELEASE/spring-core-4.3.6.RELEASE.jar
2017-02-18 17:53:30,119 [Worker-5] INFO  o.e.m.c.i.e.AbstractTransferListenerAdapter - Downloaded https://repo.maven.apache.org/maven2/org/springframework/spring-aop/4.3.6.RELEASE/spring-aop-4.3.6.RELEASE.jar
2017-02-18 17:53:30,169 [Worker-5] INFO  o.e.m.c.i.e.AbstractTransferListenerAdapter - Downloading https://repo.maven.apache.org/maven2/org/springframework/spring-beans/4.3.6.RELEASE/spring-beans-4.3.6.RELEASE.jar
2017-02-18 17:53:30,216 [Worker-19] INFO  o.e.m.c.i.e.AbstractTransferListenerAdapter - Downloaded https://repo.maven.apache.org/maven2/org/springframework/spring-core/4.3.6.RELEASE/spring-core-4.3.6.RELEASE.jar
2017-02-18 17:53:30,258 [Worker-19] INFO  o.e.m.c.i.e.AbstractTransferListenerAdapter - Downloading https://repo.maven.apache.org/maven2/org/springframework/spring-expression/4.3.6.RELEASE/spring-expression-4.3.6.RELEASE.jar
2017-02-18 17:53:30,379 [Worker-19] INFO  o.e.m.c.i.e.AbstractTransferListenerAdapter - Downloaded https://repo.maven.apache.org/maven2/org/springframework/spring-expression/4.3.6.RELEASE/spring-expression-4.3.6.RELEASE.jar
2017-02-18 17:53:30,471 [Worker-5] INFO  o.e.m.c.i.e.AbstractTransferListenerAdapter - Downloaded https://repo.maven.apache.org/maven2/org/springframework/spring-beans/4.3.6.RELEASE/spring-beans-4.3.6.RELEASE.jar
2017-02-18 17:53:30,521 [Worker-5] INFO  o.e.m.c.i.e.AbstractTransferListenerAdapter - Downloading https://repo.maven.apache.org/maven2/org/springframework/spring-core/4.3.6.RELEASE/spring-core-4.3.6.RELEASE.jar
2017-02-18 17:53:30,821 [Worker-5] INFO  o.e.m.c.i.e.AbstractTransferListenerAdapter - Downloaded https://repo.maven.apache.org/maven2/org/springframework/spring-core/4.3.6.RELEASE/spring-core-4.3.6.RELEASE.jar
2017-02-18 17:53:30,862 [Worker-5] INFO  o.e.m.c.i.e.AbstractTransferListenerAdapter - Downloading https://repo.maven.apache.org/maven2/org/springframework/spring-expression/4.3.6.RELEASE/spring-expression-4.3.6.RELEASE.jar
2017-02-18 17:53:30,980 [Worker-5] INFO  o.e.m.c.i.e.AbstractTransferListenerAdapter - Downloaded https://repo.maven.apache.org/maven2/org/springframework/spring-expression/4.3.6.RELEASE/spring-expression-4.3.6.RELEASE.jar
2017-02-18 17:53:31,500 [Worker-19] WARN  o.e.m.c.i.embedder.EclipseLogger - Using platform encoding (Cp1252 actually) to copy filtered resources, i.e. build is platform dependent!
2017-02-18 17:53:31,503 [Worker-19] INFO  o.e.m.c.i.embedder.EclipseLogger - Copying 0 resource
2017-02-18 17:53:31,504 [Worker-19] WARN  o.e.m.c.i.embedder.EclipseLogger - Using platform encoding (Cp1252 actually) to copy filtered resources, i.e. build is platform dependent!
2017-02-18 17:53:31,506 [Worker-19] INFO  o.e.m.c.i.embedder.EclipseLogger - skip non existing resourceDirectory E:\Priyatham\Repositories\ShoppingCart\ShoppingCart\src\test\resources
2017-02-18 17:53:31,506 [Worker-19] INFO  o.e.m.w.i.f.ResourceFilteringBuildParticipant - Changed resources require a complete clean of filtered resources of ShoppingCart
2017-02-18 17:53:31,506 [Worker-19] INFO  o.e.m.w.i.f.ResourceFilteringBuildParticipant - Executing resource filtering for ShoppingCart
2017-02-18 17:53:31,510 [Worker-19] WARN  o.e.m.c.i.embedder.EclipseLogger - Using platform encoding (Cp1252 actually) to copy filtered resources, i.e. build is platform dependent!
2017-02-18 17:53:31,813 [Worker-12] INFO  o.e.m.c.i.l.LifecycleMappingFactory - Using org.maven.ide.eclipse.wtp.WarLifecycleMapping lifecycle mapping for MavenProject: com:ShoppingCart:0.0.1-SNAPSHOT @ E:\Priyatham\Repositories\ShoppingCart\ShoppingCart\pom.xml.
2017-02-18 17:53:32,174 [Worker-12] WARN  o.e.m.c.i.embedder.EclipseLogger - Using platform encoding (Cp1252 actually) to copy filtered resources, i.e. build is platform dependent!
2017-02-18 17:53:32,176 [Worker-12] INFO  o.e.m.c.i.embedder.EclipseLogger - Copying 0 resource
2017-02-18 17:53:32,177 [Worker-12] WARN  o.e.m.c.i.embedder.EclipseLogger - Using platform encoding (Cp1252 actually) to copy filtered resources, i.e. build is platform dependent!
2017-02-18 17:53:32,178 [Worker-12] INFO  o.e.m.c.i.embedder.EclipseLogger - skip non existing resourceDirectory E:\Priyatham\Repositories\ShoppingCart\ShoppingCart\src\test\resources
2017-02-18 17:53:32,178 [Worker-12] INFO  o.e.m.w.i.f.ResourceFilteringBuildParticipant - Changed resources require a complete clean of filtered resources of ShoppingCart
2017-02-18 17:53:32,178 [Worker-12] INFO  o.e.m.w.i.f.ResourceFilteringBuildParticipant - Executing resource filtering for ShoppingCart
2017-02-18 17:53:32,181 [Worker-12] WARN  o.e.m.c.i.embedder.EclipseLogger - Using platform encoding (Cp1252 actually) to copy filtered resources, i.e. build is platform dependent!
2017-02-18 17:55:18,117 [Worker-7] INFO  o.e.m.c.i.l.LifecycleMappingFactory - Using org.maven.ide.eclipse.wtp.WarLifecycleMapping lifecycle mapping for MavenProject: com:ShoppingCart:0.0.1-SNAPSHOT @ E:\Priyatham\Repositories\ShoppingCart\ShoppingCart\pom.xml.
2017-02-18 17:55:18,150 [Worker-10] INFO  o.e.m.c.i.e.AbstractTransferListenerAdapter - Downloading https://repo.maven.apache.org/maven2/org/springframework/spring-webmvc/4.3.6.RELEASE/spring-webmvc-4.3.6.RELEASE.pom
2017-02-18 17:55:18,195 [Worker-10] INFO  o.e.m.c.i.e.AbstractTransferListenerAdapter - Downloaded https://repo.maven.apache.org/maven2/org/springframework/spring-webmvc/4.3.6.RELEASE/spring-webmvc-4.3.6.RELEASE.pom
2017-02-18 17:55:18,239 [Worker-10] INFO  o.e.m.c.i.e.AbstractTransferListenerAdapter - Downloading https://repo.maven.apache.org/maven2/org/springframework/spring-web/4.3.6.RELEASE/spring-web-4.3.6.RELEASE.pom
2017-02-18 17:55:18,300 [Worker-10] INFO  o.e.m.c.i.e.AbstractTransferListenerAdapter - Downloaded https://repo.maven.apache.org/maven2/org/springframework/spring-web/4.3.6.RELEASE/spring-web-4.3.6.RELEASE.pom
2017-02-18 17:55:18,311 [Worker-7] INFO  o.e.m.c.i.e.AbstractTransferListenerAdapter - Downloading https://repo.maven.apache.org/maven2/org/springframework/spring-webmvc/4.3.6.RELEASE/spring-webmvc-4.3.6.RELEASE.pom
2017-02-18 17:55:18,357 [Worker-10] INFO  o.e.m.c.i.e.AbstractTransferListenerAdapter - Downloading https://repo.maven.apache.org/maven2/org/springframework/spring-webmvc/4.3.6.RELEASE/spring-webmvc-4.3.6.RELEASE.jar
2017-02-18 17:55:18,358 [Worker-7] INFO  o.e.m.c.i.e.AbstractTransferListenerAdapter - Downloaded https://repo.maven.apache.org/maven2/org/springframework/spring-webmvc/4.3.6.RELEASE/spring-webmvc-4.3.6.RELEASE.pom
2017-02-18 17:55:18,407 [Worker-7] INFO  o.e.m.c.i.e.AbstractTransferListenerAdapter - Downloading https://repo.maven.apache.org/maven2/org/springframework/spring-webmvc/4.3.6.RELEASE/spring-webmvc-4.3.6.RELEASE.jar
2017-02-18 17:55:18,717 [Worker-10] INFO  o.e.m.c.i.e.AbstractTransferListenerAdapter - Downloaded https://repo.maven.apache.org/maven2/org/springframework/spring-webmvc/4.3.6.RELEASE/spring-webmvc-4.3.6.RELEASE.jar
2017-02-18 17:55:18,771 [Worker-10] INFO  o.e.m.c.i.e.AbstractTransferListenerAdapter - Downloading https://repo.maven.apache.org/maven2/org/springframework/spring-web/4.3.6.RELEASE/spring-web-4.3.6.RELEASE.jar
2017-02-18 17:55:19,098 [Worker-10] INFO  o.e.m.c.i.e.AbstractTransferListenerAdapter - Downloaded https://repo.maven.apache.org/maven2/org/springframework/spring-web/4.3.6.RELEASE/spring-web-4.3.6.RELEASE.jar
2017-02-18 17:55:19,100 [Worker-7] INFO  o.e.m.c.i.e.AbstractTransferListenerAdapter - Downloaded https://repo.maven.apache.org/maven2/org/springframework/spring-webmvc/4.3.6.RELEASE/spring-webmvc-4.3.6.RELEASE.jar
2017-02-18 17:55:19,136 [Worker-7] INFO  o.e.m.c.i.e.AbstractTransferListenerAdapter - Downloading https://repo.maven.apache.org/maven2/org/springframework/spring-web/4.3.6.RELEASE/spring-web-4.3.6.RELEASE.jar
2017-02-18 17:55:19,521 [Worker-7] INFO  o.e.m.c.i.e.AbstractTransferListenerAdapter - Downloaded https://repo.maven.apache.org/maven2/org/springframework/spring-web/4.3.6.RELEASE/spring-web-4.3.6.RELEASE.jar
2017-02-18 17:55:19,877 [Worker-7] WARN  o.e.m.c.i.embedder.EclipseLogger - Using platform encoding (Cp1252 actually) to copy filtered resources, i.e. build is platform dependent!
2017-02-18 17:55:19,879 [Worker-7] INFO  o.e.m.c.i.embedder.EclipseLogger - Copying 0 resource
2017-02-18 17:55:19,880 [Worker-7] WARN  o.e.m.c.i.embedder.EclipseLogger - Using platform encoding (Cp1252 actually) to copy filtered resources, i.e. build is platform dependent!
2017-02-18 17:55:19,881 [Worker-7] INFO  o.e.m.c.i.embedder.EclipseLogger - skip non existing resourceDirectory E:\Priyatham\Repositories\ShoppingCart\ShoppingCart\src\test\resources
2017-02-18 17:55:19,881 [Worker-7] INFO  o.e.m.w.i.f.ResourceFilteringBuildParticipant - Changed resources require a complete clean of filtered resources of ShoppingCart
2017-02-18 17:55:19,881 [Worker-7] INFO  o.e.m.w.i.f.ResourceFilteringBuildParticipant - Executing resource filtering for ShoppingCart
2017-02-18 17:55:19,884 [Worker-7] WARN  o.e.m.c.i.embedder.EclipseLogger - Using platform encoding (Cp1252 actually) to copy filtered resources, i.e. build is platform dependent!
2017-02-18 17:55:21,094 [Worker-10] WARN  o.e.m.c.i.embedder.EclipseLogger - Using platform encoding (Cp1252 actually) to copy filtered resources, i.e. build is platform dependent!
2017-02-18 17:55:21,095 [Worker-10] INFO  o.e.m.c.i.embedder.EclipseLogger - Copying 0 resource
2017-02-18 17:55:21,097 [Worker-10] WARN  o.e.m.c.i.embedder.EclipseLogger - Using platform encoding (Cp1252 actually) to copy filtered resources, i.e. build is platform dependent!
2017-02-18 17:55:21,097 [Worker-10] INFO  o.e.m.c.i.embedder.EclipseLogger - skip non existing resourceDirectory E:\Priyatham\Repositories\ShoppingCart\ShoppingCart\src\test\resources
2017-02-18 17:57:29,039 [Worker-15] INFO  o.e.m.c.i.l.LifecycleMappingFactory - Using org.maven.ide.eclipse.wtp.WarLifecycleMapping lifecycle mapping for MavenProject: com:ShoppingCart:0.0.1-SNAPSHOT @ E:\Priyatham\Repositories\ShoppingCart\ShoppingCart\pom.xml.
2017-02-18 17:57:29,292 [Worker-15] INFO  o.e.m.c.i.e.AbstractTransferListenerAdapter - Downloading https://repo.maven.apache.org/maven2/javax/servlet/servlet-api/2.2/servlet-api-2.2.pom
2017-02-18 17:57:29,595 [Worker-15] INFO  o.e.m.c.i.e.AbstractTransferListenerAdapter - Downloaded https://repo.maven.apache.org/maven2/javax/servlet/servlet-api/2.2/servlet-api-2.2.pom
2017-02-18 17:57:29,632 [Worker-15] INFO  o.e.m.c.i.e.AbstractTransferListenerAdapter - Downloading https://repo.maven.apache.org/maven2/javax/servlet/servlet-api/2.2/servlet-api-2.2.jar
2017-02-18 17:57:29,794 [Worker-15] INFO  o.e.m.c.i.e.AbstractTransferListenerAdapter - Downloaded https://repo.maven.apache.org/maven2/javax/servlet/servlet-api/2.2/servlet-api-2.2.jar
2017-02-18 17:57:30,217 [Worker-15] WARN  o.e.m.c.i.embedder.EclipseLogger - Using platform encoding (Cp1252 actually) to copy filtered resources, i.e. build is platform dependent!
2017-02-18 17:57:30,220 [Worker-15] INFO  o.e.m.c.i.embedder.EclipseLogger - Copying 0 resource
2017-02-18 17:57:30,222 [Worker-15] WARN  o.e.m.c.i.embedder.EclipseLogger - Using platform encoding (Cp1252 actually) to copy filtered resources, i.e. build is platform dependent!
2017-02-18 17:57:30,222 [Worker-15] INFO  o.e.m.c.i.embedder.EclipseLogger - skip non existing resourceDirectory E:\Priyatham\Repositories\ShoppingCart\ShoppingCart\src\test\resources
2017-02-18 17:57:30,222 [Worker-15] INFO  o.e.m.w.i.f.ResourceFilteringBuildParticipant - Changed resources require a complete clean of filtered resources of ShoppingCart
2017-02-18 17:57:30,223 [Worker-15] INFO  o.e.m.w.i.f.ResourceFilteringBuildParticipant - Executing resource filtering for ShoppingCart
2017-02-18 17:57:30,226 [Worker-15] WARN  o.e.m.c.i.embedder.EclipseLogger - Using platform encoding (Cp1252 actually) to copy filtered resources, i.e. build is platform dependent!
2017-02-18 17:57:31,407 [Worker-15] WARN  o.e.m.c.i.embedder.EclipseLogger - Using platform encoding (Cp1252 actually) to copy filtered resources, i.e. build is platform dependent!
2017-02-18 17:57:31,409 [Worker-15] INFO  o.e.m.c.i.embedder.EclipseLogger - Copying 0 resource
2017-02-18 17:57:31,410 [Worker-15] WARN  o.e.m.c.i.embedder.EclipseLogger - Using platform encoding (Cp1252 actually) to copy filtered resources, i.e. build is platform dependent!
2017-02-18 17:57:31,411 [Worker-15] INFO  o.e.m.c.i.embedder.EclipseLogger - skip non existing resourceDirectory E:\Priyatham\Repositories\ShoppingCart\ShoppingCart\src\test\resources
2017-02-18 17:57:39,944 [Worker-10] INFO  o.e.m.c.i.l.LifecycleMappingFactory - Using org.maven.ide.eclipse.wtp.WarLifecycleMapping lifecycle mapping for MavenProject: com:ShoppingCart:0.0.1-SNAPSHOT @ E:\Priyatham\Repositories\ShoppingCart\ShoppingCart\pom.xml.
2017-02-18 17:57:40,296 [Worker-10] WARN  o.e.m.c.i.embedder.EclipseLogger - Using platform encoding (Cp1252 actually) to copy filtered resources, i.e. build is platform dependent!
2017-02-18 17:57:40,298 [Worker-10] INFO  o.e.m.c.i.embedder.EclipseLogger - Copying 0 resource
2017-02-18 17:57:40,300 [Worker-10] WARN  o.e.m.c.i.embedder.EclipseLogger - Using platform encoding (Cp1252 actually) to copy filtered resources, i.e. build is platform dependent!
2017-02-18 17:57:40,301 [Worker-10] INFO  o.e.m.c.i.embedder.EclipseLogger - skip non existing resourceDirectory E:\Priyatham\Repositories\ShoppingCart\ShoppingCart\src\test\resources
2017-02-18 17:57:40,301 [Worker-10] INFO  o.e.m.w.i.f.ResourceFilteringBuildParticipant - Changed resources require a complete clean of filtered resources of ShoppingCart
2017-02-18 17:57:40,301 [Worker-10] INFO  o.e.m.w.i.f.ResourceFilteringBuildParticipant - Executing resource filtering for ShoppingCart
2017-02-18 17:57:40,304 [Worker-10] WARN  o.e.m.c.i.embedder.EclipseLogger - Using platform encoding (Cp1252 actually) to copy filtered resources, i.e. build is platform dependent!
2017-02-18 17:57:41,523 [Worker-15] WARN  o.e.m.c.i.embedder.EclipseLogger - Using platform encoding (Cp1252 actually) to copy filtered resources, i.e. build is platform dependent!
2017-02-18 17:57:41,525 [Worker-15] INFO  o.e.m.c.i.embedder.EclipseLogger - Copying 0 resource
2017-02-18 17:57:41,526 [Worker-15] WARN  o.e.m.c.i.embedder.EclipseLogger - Using platform encoding (Cp1252 actually) to copy filtered resources, i.e. build is platform dependent!
2017-02-18 17:57:41,526 [Worker-15] INFO  o.e.m.c.i.embedder.EclipseLogger - skip non existing resourceDirectory E:\Priyatham\Repositories\ShoppingCart\ShoppingCart\src\test\resources
2017-02-18 17:58:20,657 [Worker-10] INFO  o.e.m.c.i.p.ProjectConfigurationManager - Update started
2017-02-18 17:58:20,750 [Worker-10] INFO  o.e.m.c.i.l.LifecycleMappingFactory - Using org.maven.ide.eclipse.wtp.WarLifecycleMapping lifecycle mapping for MavenProject: com:ShoppingCart:0.0.1-SNAPSHOT @ E:\Priyatham\Repositories\ShoppingCart\ShoppingCart\pom.xml.
2017-02-18 17:58:21,033 [Worker-10] INFO  o.e.m.j.i.AbstractJavaProjectConfigurator - Adding source folder /ShoppingCart/src/main/java
2017-02-18 17:58:21,033 [Worker-10] INFO  o.e.m.j.i.AbstractJavaProjectConfigurator - Adding resource folder /ShoppingCart/src/main/resources
2017-02-18 17:58:21,033 [Worker-10] INFO  o.e.m.j.i.AbstractJavaProjectConfigurator - Adding source folder /ShoppingCart/src/test/java
2017-02-18 17:58:21,832 [Worker-10] INFO  o.e.m.w.i.f.ResourceFilteringBuildParticipant - Cleaning filtered folder for ShoppingCart
2017-02-18 17:58:21,835 [Worker-10] INFO  o.e.m.c.i.p.ProjectConfigurationManager - Update completed: 1 sec
2017-02-18 17:58:22,546 [Worker-7] WARN  o.e.m.c.i.embedder.EclipseLogger - Using platform encoding (Cp1252 actually) to copy filtered resources, i.e. build is platform dependent!
2017-02-18 17:58:22,547 [Worker-7] INFO  o.e.m.c.i.embedder.EclipseLogger - Copying 0 resource
2017-02-18 17:58:22,549 [Worker-7] WARN  o.e.m.c.i.embedder.EclipseLogger - Using platform encoding (Cp1252 actually) to copy filtered resources, i.e. build is platform dependent!
2017-02-18 17:58:22,549 [Worker-7] INFO  o.e.m.c.i.embedder.EclipseLogger - skip non existing resourceDirectory E:\Priyatham\Repositories\ShoppingCart\ShoppingCart\src\test\resources
2017-02-18 17:58:22,549 [Worker-7] INFO  o.e.m.w.i.f.ResourceFilteringBuildParticipant - Changed resources require a complete clean of filtered resources of ShoppingCart
2017-02-18 17:58:22,549 [Worker-7] INFO  o.e.m.w.i.f.ResourceFilteringBuildParticipant - Executing resource filtering for ShoppingCart
2017-02-18 17:58:22,552 [Worker-7] WARN  o.e.m.c.i.embedder.EclipseLogger - Using platform encoding (Cp1252 actually) to copy filtered resources, i.e. build is platform dependent!
2017-02-18 19:23:42,888 [Worker-58] INFO  o.e.m.c.i.p.ProjectConfigurationManager - Collecting project info '/pom.xml' E:\Priyatham\Repositories\ShoppingCart\ShoppingCart\pom.xml
2017-02-18 19:23:44,033 [Worker-58] INFO  o.e.m.c.i.l.LifecycleMappingFactory - Using org.maven.ide.eclipse.wtp.WarLifecycleMapping lifecycle mapping for MavenProject: com:ShoppingCart:0.0.1-SNAPSHOT @ E:\Priyatham\Repositories\ShoppingCart\ShoppingCart\pom.xml.
2017-02-18 19:23:44,492 [Worker-58] INFO  o.e.m.j.i.AbstractJavaProjectConfigurator - Adding source folder /ShoppingCart/src/main/java
2017-02-18 19:23:44,492 [Worker-58] INFO  o.e.m.j.i.AbstractJavaProjectConfigurator - Adding resource folder /ShoppingCart/src/main/resources
2017-02-18 19:23:44,492 [Worker-58] INFO  o.e.m.j.i.AbstractJavaProjectConfigurator - Adding source folder /ShoppingCart/src/test/java
2017-02-18 19:23:45,070 [Worker-58] INFO  o.e.m.c.i.p.ProjectConfigurationManager - Imported and configured 1 project(s) in 2 sec
2017-02-18 19:23:45,264 [Worker-56] WARN  o.e.m.c.i.embedder.EclipseLogger - Using platform encoding (Cp1252 actually) to copy filtered resources, i.e. build is platform dependent!
2017-02-18 19:23:45,265 [Worker-56] INFO  o.e.m.c.i.embedder.EclipseLogger - Copying 0 resource
2017-02-18 19:23:45,267 [Worker-56] WARN  o.e.m.c.i.embedder.EclipseLogger - Using platform encoding (Cp1252 actually) to copy filtered resources, i.e. build is platform dependent!
2017-02-18 19:23:45,268 [Worker-56] INFO  o.e.m.c.i.embedder.EclipseLogger - skip non existing resourceDirectory E:\Priyatham\Repositories\ShoppingCart\ShoppingCart\src\test\resources
2017-02-18 19:23:46,348 [Worker-56] WARN  o.e.m.c.i.embedder.EclipseLogger - Using platform encoding (Cp1252 actually) to copy filtered resources, i.e. build is platform dependent!
2017-02-18 19:23:46,349 [Worker-56] INFO  o.e.m.c.i.embedder.EclipseLogger - Copying 0 resource
2017-02-18 19:23:46,350 [Worker-56] WARN  o.e.m.c.i.embedder.EclipseLogger - Using platform encoding (Cp1252 actually) to copy filtered resources, i.e. build is platform dependent!
2017-02-18 19:23:46,351 [Worker-56] INFO  o.e.m.c.i.embedder.EclipseLogger - skip non existing resourceDirectory E:\Priyatham\Repositories\ShoppingCart\ShoppingCart\src\test\resources
2017-02-18 19:24:40,959 [Worker-61] INFO  o.e.m.c.i.l.LifecycleMappingFactory - Using org.maven.ide.eclipse.wtp.WarLifecycleMapping lifecycle mapping for MavenProject: com:ShoppingCart:0.0.1-SNAPSHOT @ E:\Priyatham\Repositories\ShoppingCart\ShoppingCart\pom.xml.
2017-02-18 19:24:41,312 [Worker-61] WARN  o.e.m.c.i.embedder.EclipseLogger - Using platform encoding (Cp1252 actually) to copy filtered resources, i.e. build is platform dependent!
2017-02-18 19:24:41,314 [Worker-61] INFO  o.e.m.c.i.embedder.EclipseLogger - Copying 0 resource
2017-02-18 19:24:41,315 [Worker-61] WARN  o.e.m.c.i.embedder.EclipseLogger - Using platform encoding (Cp1252 actually) to copy filtered resources, i.e. build is platform dependent!
2017-02-18 19:24:41,316 [Worker-61] INFO  o.e.m.c.i.embedder.EclipseLogger - skip non existing resourceDirectory E:\Priyatham\Repositories\ShoppingCart\ShoppingCart\src\test\resources
2017-02-18 19:24:41,316 [Worker-61] INFO  o.e.m.w.i.f.ResourceFilteringBuildParticipant - Changed resources require a complete clean of filtered resources of ShoppingCart
2017-02-18 19:24:41,316 [Worker-61] INFO  o.e.m.w.i.f.ResourceFilteringBuildParticipant - Executing resource filtering for ShoppingCart
2017-02-18 19:24:41,320 [Worker-61] WARN  o.e.m.c.i.embedder.EclipseLogger - Using platform encoding (Cp1252 actually) to copy filtered resources, i.e. build is platform dependent!
2017-02-18 19:24:42,531 [Worker-60] WARN  o.e.m.c.i.embedder.EclipseLogger - Using platform encoding (Cp1252 actually) to copy filtered resources, i.e. build is platform dependent!
2017-02-18 19:24:42,532 [Worker-60] INFO  o.e.m.c.i.embedder.EclipseLogger - Copying 0 resource
2017-02-18 19:24:42,534 [Worker-60] WARN  o.e.m.c.i.embedder.EclipseLogger - Using platform encoding (Cp1252 actually) to copy filtered resources, i.e. build is platform dependent!
2017-02-18 19:24:42,534 [Worker-60] INFO  o.e.m.c.i.embedder.EclipseLogger - skip non existing resourceDirectory E:\Priyatham\Repositories\ShoppingCart\ShoppingCart\src\test\resources
2017-02-18 19:25:28,097 [Worker-60] INFO  o.e.m.c.i.l.LifecycleMappingFactory - Using org.maven.ide.eclipse.wtp.WarLifecycleMapping lifecycle mapping for MavenProject: com:ShoppingCart:0.0.1-SNAPSHOT @ E:\Priyatham\Repositories\ShoppingCart\ShoppingCart\pom.xml.
2017-02-18 19:25:28,656 [Worker-60] WARN  o.e.m.c.i.embedder.EclipseLogger - Using platform encoding (Cp1252 actually) to copy filtered resources, i.e. build is platform dependent!
2017-02-18 19:25:28,657 [Worker-60] INFO  o.e.m.c.i.embedder.EclipseLogger - Copying 0 resource
2017-02-18 19:25:28,658 [Worker-60] WARN  o.e.m.c.i.embedder.EclipseLogger - Using platform encoding (Cp1252 actually) to copy filtered resources, i.e. build is platform dependent!
2017-02-18 19:25:28,658 [Worker-60] INFO  o.e.m.c.i.embedder.EclipseLogger - skip non existing resourceDirectory E:\Priyatham\Repositories\ShoppingCart\ShoppingCart\src\test\resources
2017-02-18 19:25:28,659 [Worker-60] INFO  o.e.m.w.i.f.ResourceFilteringBuildParticipant - Changed resources require a complete clean of filtered resources of ShoppingCart
2017-02-18 19:25:28,659 [Worker-60] INFO  o.e.m.w.i.f.ResourceFilteringBuildParticipant - Executing resource filtering for ShoppingCart
2017-02-18 19:25:28,661 [Worker-60] WARN  o.e.m.c.i.embedder.EclipseLogger - Using platform encoding (Cp1252 actually) to copy filtered resources, i.e. build is platform dependent!
2017-02-18 19:25:29,921 [Worker-58] WARN  o.e.m.c.i.embedder.EclipseLogger - Using platform encoding (Cp1252 actually) to copy filtered resources, i.e. build is platform dependent!
2017-02-18 19:25:29,922 [Worker-58] INFO  o.e.m.c.i.embedder.EclipseLogger - Copying 0 resource
2017-02-18 19:25:29,924 [Worker-58] WARN  o.e.m.c.i.embedder.EclipseLogger - Using platform encoding (Cp1252 actually) to copy filtered resources, i.e. build is platform dependent!
2017-02-18 19:25:29,924 [Worker-58] INFO  o.e.m.c.i.embedder.EclipseLogger - skip non existing resourceDirectory E:\Priyatham\Repositories\ShoppingCart\ShoppingCart\src\test\resources
2017-02-18 19:26:34,809 [Worker-58] WARN  o.e.m.c.i.embedder.EclipseLogger - Using platform encoding (Cp1252 actually) to copy filtered resources, i.e. build is platform dependent!
2017-02-18 19:26:34,811 [Worker-58] INFO  o.e.m.c.i.embedder.EclipseLogger - Copying 0 resource
2017-02-18 19:26:34,811 [Worker-58] WARN  o.e.m.c.i.embedder.EclipseLogger - Using platform encoding (Cp1252 actually) to copy filtered resources, i.e. build is platform dependent!
2017-02-18 19:26:34,812 [Worker-58] INFO  o.e.m.c.i.embedder.EclipseLogger - skip non existing resourceDirectory E:\Priyatham\Repositories\ShoppingCart\ShoppingCart\src\test\resources
2017-02-18 19:27:34,315 [Worker-60] WARN  o.e.m.c.i.embedder.EclipseLogger - Using platform encoding (Cp1252 actually) to copy filtered resources, i.e. build is platform dependent!
2017-02-18 19:27:34,315 [Worker-60] INFO  o.e.m.c.i.embedder.EclipseLogger - Copying 0 resource
2017-02-18 19:27:34,316 [Worker-60] WARN  o.e.m.c.i.embedder.EclipseLogger - Using platform encoding (Cp1252 actually) to copy filtered resources, i.e. build is platform dependent!
2017-02-18 19:27:34,316 [Worker-60] INFO  o.e.m.c.i.embedder.EclipseLogger - skip non existing resourceDirectory E:\Priyatham\Repositories\ShoppingCart\ShoppingCart\src\test\resources
2017-02-18 19:29:33,929 [Worker-60] WARN  o.e.m.c.i.embedder.EclipseLogger - Using platform encoding (Cp1252 actually) to copy filtered resources, i.e. build is platform dependent!
2017-02-18 19:29:33,930 [Worker-60] INFO  o.e.m.c.i.embedder.EclipseLogger - Copying 0 resource
2017-02-18 19:29:33,931 [Worker-60] WARN  o.e.m.c.i.embedder.EclipseLogger - Using platform encoding (Cp1252 actually) to copy filtered resources, i.e. build is platform dependent!
2017-02-18 19:29:33,931 [Worker-60] INFO  o.e.m.c.i.embedder.EclipseLogger - skip non existing resourceDirectory E:\Priyatham\Repositories\ShoppingCart\ShoppingCart\src\test\resources
2017-02-18 19:29:56,243 [Worker-53] WARN  o.e.m.c.i.embedder.EclipseLogger - Using platform encoding (Cp1252 actually) to copy filtered resources, i.e. build is platform dependent!
2017-02-18 19:29:56,245 [Worker-53] INFO  o.e.m.c.i.embedder.EclipseLogger - Copying 0 resource
2017-02-18 19:29:56,246 [Worker-53] WARN  o.e.m.c.i.embedder.EclipseLogger - Using platform encoding (Cp1252 actually) to copy filtered resources, i.e. build is platform dependent!
2017-02-18 19:29:56,246 [Worker-53] INFO  o.e.m.c.i.embedder.EclipseLogger - skip non existing resourceDirectory E:\Priyatham\Repositories\ShoppingCart\ShoppingCart\src\test\resources
2017-02-18 19:30:39,820 [Worker-62] INFO  o.e.m.c.i.e.AbstractTransferListenerAdapter - Downloading https://repo.maven.apache.org/maven2/org/apache/maven/plugins/maven-compiler-plugin/3.3/maven-compiler-plugin-3.3.jar
2017-02-18 19:30:39,928 [Worker-62] INFO  o.e.m.c.i.e.AbstractTransferListenerAdapter - Downloaded https://repo.maven.apache.org/maven2/org/apache/maven/plugins/maven-compiler-plugin/3.3/maven-compiler-plugin-3.3.jar
2017-02-18 19:30:40,061 [Worker-62] INFO  o.e.m.c.i.e.AbstractTransferListenerAdapter - Downloading https://repo.maven.apache.org/maven2/org/apache/maven/plugins/maven-compiler-plugin/3.3/maven-compiler-plugin-3.3.pom
2017-02-18 19:30:40,113 [Worker-62] INFO  o.e.m.c.i.e.AbstractTransferListenerAdapter - Downloaded https://repo.maven.apache.org/maven2/org/apache/maven/plugins/maven-compiler-plugin/3.3/maven-compiler-plugin-3.3.pom
2017-02-18 19:30:40,535 [Worker-62] INFO  o.e.m.c.i.e.AbstractTransferListenerAdapter - Downloading https://repo.maven.apache.org/maven2/org/codehaus/plexus/plexus-compiler-api/2.5/plexus-compiler-api-2.5.pom
2017-02-18 19:30:40,578 [Worker-62] INFO  o.e.m.c.i.e.AbstractTransferListenerAdapter - Downloaded https://repo.maven.apache.org/maven2/org/codehaus/plexus/plexus-compiler-api/2.5/plexus-compiler-api-2.5.pom
2017-02-18 19:30:40,613 [Worker-62] INFO  o.e.m.c.i.e.AbstractTransferListenerAdapter - Downloading https://repo.maven.apache.org/maven2/org/codehaus/plexus/plexus-compiler/2.5/plexus-compiler-2.5.pom
2017-02-18 19:30:40,651 [Worker-62] INFO  o.e.m.c.i.e.AbstractTransferListenerAdapter - Downloaded https://repo.maven.apache.org/maven2/org/codehaus/plexus/plexus-compiler/2.5/plexus-compiler-2.5.pom
2017-02-18 19:30:40,758 [Worker-62] INFO  o.e.m.c.i.e.AbstractTransferListenerAdapter - Downloading https://repo.maven.apache.org/maven2/org/codehaus/plexus/plexus-compiler-manager/2.5/plexus-compiler-manager-2.5.pom
2017-02-18 19:30:40,791 [Worker-62] INFO  o.e.m.c.i.e.AbstractTransferListenerAdapter - Downloaded https://repo.maven.apache.org/maven2/org/codehaus/plexus/plexus-compiler-manager/2.5/plexus-compiler-manager-2.5.pom
2017-02-18 19:30:40,829 [Worker-62] INFO  o.e.m.c.i.e.AbstractTransferListenerAdapter - Downloading https://repo.maven.apache.org/maven2/org/codehaus/plexus/plexus-compiler-javac/2.5/plexus-compiler-javac-2.5.pom
2017-02-18 19:30:40,867 [Worker-62] INFO  o.e.m.c.i.e.AbstractTransferListenerAdapter - Downloaded https://repo.maven.apache.org/maven2/org/codehaus/plexus/plexus-compiler-javac/2.5/plexus-compiler-javac-2.5.pom
2017-02-18 19:30:40,906 [Worker-62] INFO  o.e.m.c.i.e.AbstractTransferListenerAdapter - Downloading https://repo.maven.apache.org/maven2/org/codehaus/plexus/plexus-compilers/2.5/plexus-compilers-2.5.pom
2017-02-18 19:30:40,943 [Worker-62] INFO  o.e.m.c.i.e.AbstractTransferListenerAdapter - Downloaded https://repo.maven.apache.org/maven2/org/codehaus/plexus/plexus-compilers/2.5/plexus-compilers-2.5.pom
2017-02-18 19:30:41,022 [Worker-62] INFO  o.e.m.c.i.e.AbstractTransferListenerAdapter - Downloading https://repo.maven.apache.org/maven2/org/codehaus/plexus/plexus-utils/1.5.15/plexus-utils-1.5.15.jar
2017-02-18 19:30:41,163 [Worker-62] INFO  o.e.m.c.i.e.AbstractTransferListenerAdapter - Downloaded https://repo.maven.apache.org/maven2/org/codehaus/plexus/plexus-utils/1.5.15/plexus-utils-1.5.15.jar
2017-02-18 19:30:41,199 [Worker-62] INFO  o.e.m.c.i.e.AbstractTransferListenerAdapter - Downloading https://repo.maven.apache.org/maven2/org/codehaus/plexus/plexus-interpolation/1.11/plexus-interpolation-1.11.jar
2017-02-18 19:30:41,242 [Worker-62] INFO  o.e.m.c.i.e.AbstractTransferListenerAdapter - Downloaded https://repo.maven.apache.org/maven2/org/codehaus/plexus/plexus-interpolation/1.11/plexus-interpolation-1.11.jar
2017-02-18 19:30:41,276 [Worker-62] INFO  o.e.m.c.i.e.AbstractTransferListenerAdapter - Downloading https://repo.maven.apache.org/maven2/org/codehaus/plexus/plexus-compiler-api/2.5/plexus-compiler-api-2.5.jar
2017-02-18 19:30:41,325 [Worker-62] INFO  o.e.m.c.i.e.AbstractTransferListenerAdapter - Downloaded https://repo.maven.apache.org/maven2/org/codehaus/plexus/plexus-compiler-api/2.5/plexus-compiler-api-2.5.jar
2017-02-18 19:30:41,362 [Worker-62] INFO  o.e.m.c.i.e.AbstractTransferListenerAdapter - Downloading https://repo.maven.apache.org/maven2/org/codehaus/plexus/plexus-compiler-manager/2.5/plexus-compiler-manager-2.5.jar
2017-02-18 19:30:41,399 [Worker-62] INFO  o.e.m.c.i.e.AbstractTransferListenerAdapter - Downloaded https://repo.maven.apache.org/maven2/org/codehaus/plexus/plexus-compiler-manager/2.5/plexus-compiler-manager-2.5.jar
2017-02-18 19:30:41,430 [Worker-62] INFO  o.e.m.c.i.e.AbstractTransferListenerAdapter - Downloading https://repo.maven.apache.org/maven2/org/codehaus/plexus/plexus-compiler-javac/2.5/plexus-compiler-javac-2.5.jar
2017-02-18 19:30:41,471 [Worker-62] INFO  o.e.m.c.i.e.AbstractTransferListenerAdapter - Downloaded https://repo.maven.apache.org/maven2/org/codehaus/plexus/plexus-compiler-javac/2.5/plexus-compiler-javac-2.5.jar
2017-02-18 19:30:41,991 [Worker-62] INFO  o.e.m.c.i.l.LifecycleMappingFactory - Using org.maven.ide.eclipse.wtp.WarLifecycleMapping lifecycle mapping for MavenProject: com:ShoppingCart:0.0.1-SNAPSHOT @ E:\Priyatham\Repositories\ShoppingCart\ShoppingCart\pom.xml.
2017-02-18 19:30:42,687 [Worker-62] WARN  o.e.m.c.i.embedder.EclipseLogger - Using platform encoding (Cp1252 actually) to copy filtered resources, i.e. build is platform dependent!
2017-02-18 19:30:42,688 [Worker-62] INFO  o.e.m.c.i.embedder.EclipseLogger - Copying 0 resource
2017-02-18 19:30:42,689 [Worker-62] WARN  o.e.m.c.i.embedder.EclipseLogger - Using platform encoding (Cp1252 actually) to copy filtered resources, i.e. build is platform dependent!
2017-02-18 19:30:42,690 [Worker-62] INFO  o.e.m.c.i.embedder.EclipseLogger - skip non existing resourceDirectory E:\Priyatham\Repositories\ShoppingCart\ShoppingCart\src\test\resources
2017-02-18 19:30:42,690 [Worker-62] INFO  o.e.m.w.i.f.ResourceFilteringBuildParticipant - Changed resources require a complete clean of filtered resources of ShoppingCart
2017-02-18 19:30:42,690 [Worker-62] INFO  o.e.m.w.i.f.ResourceFilteringBuildParticipant - Executing resource filtering for ShoppingCart
2017-02-18 19:30:42,692 [Worker-62] WARN  o.e.m.c.i.embedder.EclipseLogger - Using platform encoding (Cp1252 actually) to copy filtered resources, i.e. build is platform dependent!
2017-02-18 19:30:52,128 [Worker-63] INFO  o.e.m.c.i.l.LifecycleMappingFactory - Using org.maven.ide.eclipse.wtp.WarLifecycleMapping lifecycle mapping for MavenProject: com:ShoppingCart:0.0.1-SNAPSHOT @ E:\Priyatham\Repositories\ShoppingCart\ShoppingCart\pom.xml.
2017-02-18 19:30:52,423 [Worker-63] WARN  o.e.m.c.i.embedder.EclipseLogger - Using platform encoding (Cp1252 actually) to copy filtered resources, i.e. build is platform dependent!
2017-02-18 19:30:52,425 [Worker-63] INFO  o.e.m.c.i.embedder.EclipseLogger - Copying 0 resource
2017-02-18 19:30:52,427 [Worker-63] WARN  o.e.m.c.i.embedder.EclipseLogger - Using platform encoding (Cp1252 actually) to copy filtered resources, i.e. build is platform dependent!
2017-02-18 19:30:52,428 [Worker-63] INFO  o.e.m.c.i.embedder.EclipseLogger - skip non existing resourceDirectory E:\Priyatham\Repositories\ShoppingCart\ShoppingCart\src\test\resources
2017-02-18 19:30:52,428 [Worker-63] INFO  o.e.m.w.i.f.ResourceFilteringBuildParticipant - Changed resources require a complete clean of filtered resources of ShoppingCart
2017-02-18 19:30:52,428 [Worker-63] INFO  o.e.m.w.i.f.ResourceFilteringBuildParticipant - Executing resource filtering for ShoppingCart
2017-02-18 19:30:52,432 [Worker-63] WARN  o.e.m.c.i.embedder.EclipseLogger - Using platform encoding (Cp1252 actually) to copy filtered resources, i.e. build is platform dependent!
2017-02-18 19:31:04,851 [Worker-67] INFO  o.e.m.c.i.p.ProjectConfigurationManager - Update started
2017-02-18 19:31:05,035 [Worker-67] INFO  o.e.m.c.i.l.LifecycleMappingFactory - Using org.maven.ide.eclipse.wtp.WarLifecycleMapping lifecycle mapping for MavenProject: com:ShoppingCart:0.0.1-SNAPSHOT @ E:\Priyatham\Repositories\ShoppingCart\ShoppingCart\pom.xml.
2017-02-18 19:31:05,375 [Worker-67] INFO  o.e.m.j.i.AbstractJavaProjectConfigurator - Adding source folder /ShoppingCart/src/main/java
2017-02-18 19:31:05,376 [Worker-67] INFO  o.e.m.j.i.AbstractJavaProjectConfigurator - Adding resource folder /ShoppingCart/src/main/resources
2017-02-18 19:31:05,376 [Worker-67] INFO  o.e.m.j.i.AbstractJavaProjectConfigurator - Adding source folder /ShoppingCart/src/test/java
2017-02-18 19:31:06,103 [Worker-67] INFO  o.e.m.w.i.f.ResourceFilteringBuildParticipant - Cleaning filtered folder for ShoppingCart
2017-02-18 19:31:06,151 [Worker-67] INFO  o.e.m.c.i.p.ProjectConfigurationManager - Update completed: 1 sec
2017-02-18 19:31:06,272 [Worker-61] WARN  o.e.m.c.i.embedder.EclipseLogger - Using platform encoding (Cp1252 actually) to copy filtered resources, i.e. build is platform dependent!
2017-02-18 19:31:06,273 [Worker-61] INFO  o.e.m.c.i.embedder.EclipseLogger - Copying 0 resource
2017-02-18 19:31:06,274 [Worker-61] WARN  o.e.m.c.i.embedder.EclipseLogger - Using platform encoding (Cp1252 actually) to copy filtered resources, i.e. build is platform dependent!
2017-02-18 19:31:06,274 [Worker-61] INFO  o.e.m.c.i.embedder.EclipseLogger - skip non existing resourceDirectory E:\Priyatham\Repositories\ShoppingCart\ShoppingCart\src\test\resources
2017-02-18 19:31:06,274 [Worker-61] INFO  o.e.m.w.i.f.ResourceFilteringBuildParticipant - Changed resources require a complete clean of filtered resources of ShoppingCart
2017-02-18 19:31:06,274 [Worker-61] INFO  o.e.m.w.i.f.ResourceFilteringBuildParticipant - Executing resource filtering for ShoppingCart
2017-02-18 19:31:06,277 [Worker-61] WARN  o.e.m.c.i.embedder.EclipseLogger - Using platform encoding (Cp1252 actually) to copy filtered resources, i.e. build is platform dependent!
2017-02-18 19:31:06,733 [Worker-53] WARN  o.e.m.c.i.embedder.EclipseLogger - Using platform encoding (Cp1252 actually) to copy filtered resources, i.e. build is platform dependent!
2017-02-18 19:31:06,738 [Worker-53] INFO  o.e.m.c.i.embedder.EclipseLogger - Copying 0 resource
2017-02-18 19:31:06,739 [Worker-53] WARN  o.e.m.c.i.embedder.EclipseLogger - Using platform encoding (Cp1252 actually) to copy filtered resources, i.e. build is platform dependent!
2017-02-18 19:31:06,739 [Worker-53] INFO  o.e.m.c.i.embedder.EclipseLogger - skip non existing resourceDirectory E:\Priyatham\Repositories\ShoppingCart\ShoppingCart\src\test\resources
